<?xml version="1.0" encoding="UTF-8"?>
<testng-results ignored="0" total="1" passed="1" failed="0" skipped="0">
  <reporter-output>
  </reporter-output>
  <suite started-at="2023-04-30T14:10:14 IST" name="Default suite" finished-at="2023-04-30T14:10:47 IST" duration-ms="33448">
    <groups>
      <group name="cucumber">
        <method signature="AbstractTestNGCucumberTests.runScenario(io.cucumber.testng.PickleWrapper,io.cucumber.testng.FeatureWrapper)[pri:0, instance:testrunner.Multipleitemtestng@20140db9]" name="runScenario" class="io.cucumber.testng.AbstractTestNGCucumberTests"/>
      </group> <!-- cucumber -->
    </groups>
    <test started-at="2023-04-30T14:10:14 IST" name="Default test" finished-at="2023-04-30T14:10:47 IST" duration-ms="33448">
      <class name="testrunner.Multipleitemtestng">
        <test-method is-config="true" signature="setUpClass(org.testng.ITestContext)[pri:0, instance:testrunner.Multipleitemtestng@20140db9]" started-at="2023-04-30T14:10:14 IST" name="setUpClass" finished-at="2023-04-30T14:10:16 IST" duration-ms="2089" status="PASS">
          <params>
            <param index="0">
              <value>
                <![CDATA[org.testng.TestRunner@32e652b6]]>
              </value>
            </param>
          </params>
          <reporter-output>
          </reporter-output>
        </test-method> <!-- setUpClass -->
        <test-method signature="runScenario(io.cucumber.testng.PickleWrapper,io.cucumber.testng.FeatureWrapper)[pri:0, instance:testrunner.Multipleitemtestng@20140db9]" started-at="2023-04-30T14:10:16 IST" name="runScenario" description="Runs Cucumber Scenarios" data-provider="scenarios" finished-at="2023-04-30T14:10:47 IST" duration-ms="30885" status="PASS">
          <params>
            <param index="0">
              <value>
                <![CDATA["validate add to cart on greencart home page"]]>
              </value>
            </param>
            <param index="1">
              <value>
                <![CDATA["greencart multiitem choose"]]>
              </value>
            </param>
          </params>
          <reporter-output>
          </reporter-output>
        </test-method> <!-- runScenario -->
        <test-method is-config="true" signature="tearDownClass()[pri:0, instance:testrunner.Multipleitemtestng@20140db9]" started-at="2023-04-30T14:10:47 IST" name="tearDownClass" finished-at="2023-04-30T14:10:47 IST" duration-ms="312" status="PASS">
          <reporter-output>
          </reporter-output>
        </test-method> <!-- tearDownClass -->
      </class> <!-- testrunner.Multipleitemtestng -->
    </test> <!-- Default test -->
  </suite> <!-- Default suite -->
</testng-results>
