<?xml version="1.0" encoding="UTF-8"?>
<!-- Generated by org.testng.reporters.JUnitReportReporter -->
<testsuite hostname="DESKTOP-2T7UG8B" failures="1" tests="1" name="testrunner.Failedtestrunner" time="16.773" errors="0" timestamp="2023-04-25T09:58:02 IST" skipped="0">
  <testcase classname="testrunner.Failedtestrunner" name="runScenario" time="16.773">
    <failure message="expected [Improv Your Skill - Use our Practice Sites &amp; Apps for your QA Automation | Rahul Shetty Academy] but found [Improve Your Skill - Use our Practice Sites &amp; Apps for your QA Automation | Rahul Shetty Academy]" type="java.lang.AssertionError">
      <![CDATA[java.lang.AssertionError: expected [Improv Your Skill - Use our Practice Sites & Apps for your QA Automation | Rahul Shetty Academy] but found [Improve Your Skill - Use our Practice Sites & Apps for your QA Automation | Rahul Shetty Academy]
at org.testng.Assert.fail(Assert.java:110)
at org.testng.Assert.failNotEquals(Assert.java:1577)
at org.testng.Assert.assertEqualsImpl(Assert.java:149)
at org.testng.Assert.assertEquals(Assert.java:131)
at org.testng.Assert.assertEquals(Assert.java:655)
at org.testng.Assert.assertEquals(Assert.java:665)
at stepdefinitions.Practicepagestepdefinition.user_move_towards_register_page(Practicepagestepdefinition.java:55)
at ✽.user move towards register page(file:///D:/mywork/cucumber_rahul_greencart/src/test/resources/features/parcticepage.feature:9)
]]>
    </failure>
  </testcase> <!-- runScenario -->
  <system-out/>
</testsuite> <!-- testrunner.Failedtestrunner -->
