<?xml version="1.0" encoding="UTF-8"?>
<!-- Generated by org.testng.reporters.JUnitReportReporter -->
<testsuite hostname="DESKTOP-2T7UG8B" failures="1" tests="2" name="testrunner.Multipleitemtestng" time="16.689" errors="0" timestamp="2023-05-02T12:17:40 IST" skipped="0">
  <testcase classname="testrunner.Multipleitemtestng" name="runScenario" time="15.023"/>
  <system-out/>
  <testcase classname="testrunner.Multipleitemtestng" name="runScenario" time="1.666">
    <failure message="expected [true] but found [false]" type="java.lang.AssertionError">
      <![CDATA[java.lang.AssertionError: expected [true] but found [false]
at org.testng.Assert.fail(Assert.java:110)
at org.testng.Assert.failNotEquals(Assert.java:1577)
at org.testng.Assert.assertTrue(Assert.java:56)
at org.testng.Assert.assertTrue(Assert.java:66)
at stepdefinitions.Greencartmultiitemchoose.multiple_product_should_added_to_the_cart(Greencartmultiitemchoose.java:135)
at ✽.multiple product should added to the cart(file:///D:/mywork/cucumber_rahul_greencart/src/test/resources/features/greencartmultiitemchoose.feature:19)
]]>
    </failure>
  </testcase> <!-- runScenario -->
  <system-out/>
</testsuite> <!-- testrunner.Multipleitemtestng -->
